Ivan_Arnaut make Howard_Stark to leader fract 3 | 
Ivan_Arnaut make Maks_Marley to leader fract 19 | 
Ivan_Arnaut make Ivan_Arnaut to leader fract 12 | 
Ivan_Arnaut make Nicolay_Marley to leader fract 16 | 
Yakov_Perry make James_Marley to leader fract 15 | 
Yakov_Perry make Jason_Statham to leader fract 18 | 
Yakov_Perry make An_D to leader fract 10 | 
Yakov_Perry make Vladik_Eletskii to leader fract 18 | 
Yakov_Perry make Anton_Magalo to leader fract 12 | 
Yakov_Perry make Yakov_Perry to leader fract 2 | 
Yakov_Perry make Yakov_Perry to leader fract 10 | 
Ivan_Arnaut make Domenik_Kia to leader fract 13 | 
Ivan_Arnaut make Agton_Meryt to leader fract 18 | 
Yakov_Perry giverank to Domenik_Kia, rank: 9 | 
Yakov_Perry make Domenik_Kia to leader fract 1 | 
Yakov_Perry make Sasha_Dadaev to leader fract 14 | 
Ivan_Arnaut make Ivan_Arnaut to leader fract 18 | 
Mad_Driver make Mad_Driver to leader fract 18 | 
Mad_Driver make James_Marley to leader fract 22 | 
Mad_Driver make James_Marley to leader fract 11 | 
Mad_Driver make Mad_Driver to leader fract 11 | 
Mad_Driver make Mad_Driver to leader fract 18 | 
Ivan_Arnaut make Anna_Onatskaya to leader fract 19 | 
Yakov_Perry make Trevor_Kenway to leader fract 22 | 
Yakov_Perry make Ivan_Arnaut to leader fract 4 | 
Yakov_Perry make Yakov_Perry to leader fract 4 | 
Ivan_Arnaut make Ivan_Arnaut to leader fract 2 | 
Ivan_Arnaut make James_Marley to leader fract 1 | 
Ivan_Arnaut make Ivan_Arnaut to leader fract 3 | 
Ivan_Arnaut make Maks_Marley to leader fract 22 | 
Ivan_Arnaut make Ivan_Arnaut to leader fract 11 | 
Ivan_Arnaut make Ivan_Arnaut to leader fract 19 | 
Yakov_Perry make Yakov_Perry to leader fract 2 | 
Ivan_Arnaut make Ivan_Arnaut to leader fract 11 | 
Ivan_Arnaut make Maks_Marley to leader fract 3 | 
Yakov_Perry make Yakov_Perry to leader fract 21 | 
Ivan_Arnaut make Elena to leader fract 16 | 
Yakov_Perry make Trevor_Kenway to leader fract 1 | 
Ivan_Arnaut make Ivan_Arnaut to leader fract 3 | 
Ivan_Arnaut make Maks_Marley to leader fract 3 | 
Ivan_Arnaut make Ivan_Arnaut to leader fract 1 | 
Yakov_Perry make Yakov_Perry to leader fract 19 | 
Yakov_Perry make Maks_Sador to leader fract 12 | 
Yakov_Perry make Carl_Esposito to leader fract 11 | 
Ivan_Arnaut make Diman_Arslanov to leader fract 18 | 
Yakov_Perry make Elvis_Presley to leader fract 15 | 
Yakov_Perry make Francesco_Soprano to leader fract 13 | 
Yakov_Perry make Yakov_Perry to leader fract 13 | 
Ivan_Arnaut make Slender_Man to leader fract 17 | 
Yakov_Perry make Yakov_Perry to leader fract 3 | 
Yakov_Perry make Artem_Leonov to leader fract 16 | 
Yakov_Perry make Yakov_Perry to leader fract 1 | 
Ivan_Arnaut make Kanat_Galante to leader fract 22 | 
Ivan_Arnaut make Kenny_Lawrance to leader fract 17 | 
Yakov_Perry make Aleksandr_Abasov to leader fract 10 | 
Yakov_Perry make Yakov_Perry to leader fract 3 | 
Yakov_Perry make Vanyok_Soprano to leader fract 4 | 
Ivan_Arnaut make Ilnaz_Garaev to leader fract 22 | 
Yakov_Perry make Zoro_Russion to leader fract 18 | 
Yakov_Perry make Trevor_Kenway to leader fract 24 | 
Yakov_Perry make Trevor_Kenway to leader fract 1 | 
Ivan_Arnaut make Ivan_Arnaut to leader fract 18 | 
Ivan_Arnaut make Ivan_Arnaut to leader fract 22 | 
Ivan_Arnaut giverank to Damar_Dimas, rank: 5 | 
Yakov_Perry make Spark_Ivanov to leader fract 22 | 
Yakov_Perry make Yakov_Perry to leader fract 19 | 
Yakov_Perry make Dron_Shestakov to leader fract 15 | 
Yakov_Perry make Damar_Dimas to leader fract 16 | 
Yakov_Perry make Yakov_Perry to leader fract 1 | 
Yakov_Perry make Trevor_Kenway to leader fract 11 | 
Yakov_Perry make Trevor_Kenway to leader fract 14 | 
Yakov_Perry make Trevor_Kenway to leader fract 6 | 
Ivan_Arnaut make Ivan_Arnaut to leader fract 1 | 
Ivan_Arnaut make Ivan_Arnaut to leader fract 5 | 
Yakov_Perry make Yakov_Perry to leader fract 6 | 
Dark_Angel make Dark_Angel to leader fract 34 | 
Dark_Angel make Dark_Angel to leader fract 33 | 
Dark_Angel make Dark_Angel to leader fract 32 | 
Dark_Angel make Dark_Angel to leader fract 31 | 
Dark_Angel make Dark_Angel to leader fract 30 | 
Dark_Angel make Dark_Angel to leader fract 20 | 
Dark_Angel make Dark_Angel to leader fract 29 | 
Dark_Angel make Dark_Angel to leader fract 28 | 
Dark_Angel make Dark_Angel to leader fract 27 | 
Dark_Angel make Dark_Angel to leader fract 24 | 
Dark_Angel make Dark_Angel to leader fract 22 | 
Dark_Angel make Dark_Angel to leader fract 21 | 
Dark_Angel make Dark_Angel to leader fract 20 | 
Dark_Angel make Dark_Angel to leader fract 19 | 
Dark_Angel make Dark_Angel to leader fract 18 | 
Dark_Angel make Dark_Angel to leader fract 17 | 
Dark_Angel make Dark_Angel to leader fract 16 | 
Dark_Angel make Dark_Angel to leader fract 15 | 
Dark_Angel make Dark_Angel to leader fract 14 | 
Dark_Angel make Dark_Angel to leader fract 13 | 
Dark_Angel make Dark_Angel to leader fract 12 | 
Yakov_Perry giverank to Ivan_Arnaut, rank: 2 | 
Yakov_Perry giverank to Ivan_Arnaut, rank: 8 | 
Yakov_Perry giverank to Yakov_Perry, rank: 2 | 
Yakov_Perry giverank to Yakov_Perry, rank: 3 | 
Yakov_Perry giverank to Yakov_Perry, rank: 6 | 
Yakov_Perry giverank to Yakov_Perry, rank: 15 | 
Yakov_Perry giverank to Yakov_Perry, rank: 8 | 
Yakov_Perry giverank to Marlon_Wayans, rank: 15 | 
Yakov_Perry make Yakov_Perry to leader fract 1 | 
Yakov_Perry make Yakov_Perry to leader fract 1 | 
Ivan_Arnaut make Ivan_Arnaut to leader fract 11 | 
Ivan_Arnaut make Ivan_Arnaut to leader fract 1 | 
Ivan_Arnaut make Ivan_Arnaut to leader fract 11 | 
Ivan_Arnaut make Ivan_Arnaut to leader fract 5 | 
Ivan_Arnaut make Ivan_Arnaut to leader fract 1 | 
Rasta_Man make Rasta_Man to leader fract 1 | 
Rasta_Man make Rasta_Man to leader fract 1 | 
Ivan_Arnaut make Ivan_Arnaut to leader fract 1 | 
Ivan_Arnaut make Ivan_Arnaut to leader fract 11 | 
Ivan_Arnaut make Ivan_Arnaut to leader fract 19 | 
Ivan_Arnaut make Ivan_Arnaut to leader fract 3 | 
Ivan_Arnaut make Ivan_Arnaut to leader fract 19 | 
Ivan_Arnaut make Ivan_Arnaut to leader fract 3 | 
Ivan_Arnaut make Ivan_Arnaut to leader fract 19 | 
Ivan_Arnaut make Ivan_Arnaut to leader fract 3 | 
